proguard_logs/seeds.txt
com.droidroid.PM2.AbstractWheelAdapter
com.droidroid.PM2.AbstractWheelTextAdapter
com.droidroid.PM2.ActionItem
com.droidroid.PM2.AdapterWheel
com.droidroid.PM2.ArrayWheelAdapter
com.droidroid.PM2.BuildConfig
com.droidroid.PM2.CardAdapter
com.droidroid.PM2.ClassUtils
com.droidroid.PM2.Crypto_htable
com.droidroid.PM2.Crypto_maxordering
com.droidroid.PM2.DoRestart
com.droidroid.PM2.EquityBroadcastServiceWrapper
com.droidroid.PM2.EquityBroadcastServiceWrapper: EquityBroadcastServiceWrapper()
com.droidroid.PM2.EquityBroadcastServiceWrapper$1
com.droidroid.PM2.EquityBroadcastServiceWrapper$LocalBinder
com.droidroid.PM2.HelpActivity
com.droidroid.PM2.HelpActivity$1
com.droidroid.PM2.ItemsRange
com.droidroid.PM2.LvHeroOuts
com.droidroid.PM2.LvHeroOuts$1
com.droidroid.PM2.LvVillainRange
com.droidroid.PM2.LvVillainRange$1
com.droidroid.PM2.LvVillainRange$myListObject
com.droidroid.PM2.NumericWheelAdapter
com.droidroid.PM2.ObjectUtils
com.droidroid.PM2.ObjectUtils$
com.droidroid.PM2.ObjectUtils$$anonfun$1
com.droidroid.PM2.ObjectUtils$$anonfun$2
com.droidroid.PM2.ObjectUtils$$anonfun$3
com.droidroid.PM2.ObjectUtils$$anonfun$4
com.droidroid.PM2.ObjectUtils$$anonfun$5
com.droidroid.PM2.ObjectUtils$$anonfun$6
com.droidroid.PM2.ObjectUtils$$anonfun$7
com.droidroid.PM2.ObjectUtils$$anonfun$8
com.droidroid.PM2.ObjectUtils$$anonfun$GlobalWheelBuilder$1
com.droidroid.PM2.ObjectUtils$$anonfun$allinNmax$1
com.droidroid.PM2.ObjectUtils$$anonfun$cardImageLookup$1
com.droidroid.PM2.ObjectUtils$$anonfun$cardImageLookup$2
com.droidroid.PM2.ObjectUtils$$anonfun$cardImageLookup$3
com.droidroid.PM2.ObjectUtils$$anonfun$resetCardData$1
com.droidroid.PM2.ObjectUtils$$anonfun$resetCardData$2
com.droidroid.PM2.OnWheelChangedListener
com.droidroid.PM2.OnWheelClickedListener
com.droidroid.PM2.OnWheelScrollListener
com.droidroid.PM2.OutsTable
com.droidroid.PM2.PokerAlgs
com.droidroid.PM2.PokerAlgs$
com.droidroid.PM2.PokerAlgs$$anonfun$1
com.droidroid.PM2.PokerAlgs$$anonfun$10
com.droidroid.PM2.PokerAlgs$$anonfun$11
com.droidroid.PM2.PokerAlgs$$anonfun$2
com.droidroid.PM2.PokerAlgs$$anonfun$3
com.droidroid.PM2.PokerAlgs$$anonfun$4
com.droidroid.PM2.PokerAlgs$$anonfun$5
com.droidroid.PM2.PokerAlgs$$anonfun$6
com.droidroid.PM2.PokerAlgs$$anonfun$7
com.droidroid.PM2.PokerAlgs$$anonfun$8
com.droidroid.PM2.PokerAlgs$$anonfun$9
com.droidroid.PM2.PokerAlgs$$anonfun$gethtableValue$1$1
com.droidroid.PM2.PokerAlgs$$anonfun$preFlopHandStrength$1
com.droidroid.PM2.PokerAlgs$$anonfun$preFlopHandStrength$2
com.droidroid.PM2.PokerAlgs$$anonfun$preFlopHandStrength$3
com.droidroid.PM2.PokerAlgs$$anonfun$preFlopHandStrength$4
com.droidroid.PM2.PokerAlgs$$anonfun$preFlopHandStrength$5
com.droidroid.PM2.PokerAlgs$$anonfun$preFlopHandStrength$6
com.droidroid.PM2.PokerAlgs$$anonfun$preFlopHandStrength$7
com.droidroid.PM2.PokerAlgs$$anonfun$preFlopHandStrength$8
com.droidroid.PM2.PopupWindows
com.droidroid.PM2.PopupWindows$1
com.droidroid.PM2.PrimaryActivity
com.droidroid.PM2.PrimaryActivity: void onClickLogoHelp(android.view.View)
com.droidroid.PM2.PrimaryActivity: void onClickFlipChart(android.view.View)
com.droidroid.PM2.PrimaryActivity: void onClickFlipChart2(android.view.View)
com.droidroid.PM2.PrimaryActivity: void onClickButtonOPTIONS(android.view.View)
com.droidroid.PM2.PrimaryActivity: void onClickButtonCA(android.view.View)
com.droidroid.PM2.PrimaryActivity: PrimaryActivity()
com.droidroid.PM2.PrimaryActivity$$anon$1
com.droidroid.PM2.PrimaryActivity$$anon$10
com.droidroid.PM2.PrimaryActivity$$anon$11
com.droidroid.PM2.PrimaryActivity$$anon$12
com.droidroid.PM2.PrimaryActivity$$anon$13
com.droidroid.PM2.PrimaryActivity$$anon$14
com.droidroid.PM2.PrimaryActivity$$anon$15
com.droidroid.PM2.PrimaryActivity$$anon$16
com.droidroid.PM2.PrimaryActivity$$anon$17
com.droidroid.PM2.PrimaryActivity$$anon$18
com.droidroid.PM2.PrimaryActivity$$anon$19
com.droidroid.PM2.PrimaryActivity$$anon$2
com.droidroid.PM2.PrimaryActivity$$anon$20
com.droidroid.PM2.PrimaryActivity$$anon$21