proguard_logs/mapping.txt
com.droidroid.PM2.AbstractWheelAdapter -> com.droidroid.PM2.AbstractWheelAdapter:
    java.util.List datasetObservers -> a
    35:35:android.view.View getEmptyItem(android.view.View,android.view.ViewGroup) -> a
    40:44:void registerDataSetObserver(android.database.DataSetObserver) -> a
    48:51:void unregisterDataSetObserver(android.database.DataSetObserver) -> b
com.droidroid.PM2.AbstractWheelTextAdapter -> com.droidroid.PM2.AbstractWheelTextAdapter:
    int textColor -> b
    int textSize -> c
    android.content.Context context -> a
    android.view.LayoutInflater inflater -> a
    int itemResourceId -> d
    int itemTextResourceId -> a
    123:124:void setTextSize$13462e() -> a
    java.lang.CharSequence getItemText(int) -> a
    184:202:android.view.View getItem(int,android.view.View,android.view.ViewGroup) -> a
    207:210:android.view.View getEmptyItem(android.view.View,android.view.ViewGroup) -> a
    236:249:android.widget.TextView getTextView(android.view.View,int) -> a
    258:264:android.view.View getView(int,android.view.ViewGroup) -> a
com.droidroid.PM2.ActionItem -> com.droidroid.PM2.ActionItem:
    android.graphics.drawable.Drawable icon -> a
    java.lang.String title -> a
    int actionId -> a
    87:87:java.lang.String getTitle() -> a
    104:104:android.graphics.drawable.Drawable getIcon() -> a
    120:120:int getActionId() -> a
    136:136:boolean isSticky() -> a
com.droidroid.PM2.AdapterWheel -> com.droidroid.PM2.AdapterWheel:
    53:53:int getItemsCount() -> a
    58:58:java.lang.CharSequence getItemText(int) -> a
com.droidroid.PM2.ArrayWheelAdapter -> com.droidroid.PM2.ArrayWheelAdapter:
    43:50:java.lang.CharSequence getItemText(int) -> a
    55:55:int getItemsCount() -> a
com.droidroid.PM2.BuildConfig -> com.droidroid.PM2.BuildConfig:
com.droidroid.PM2.CardAdapter -> com.droidroid.PM2.CardAdapter:
    java.lang.String[] cards -> a
    int[] cardz -> a
    52:76:android.view.View getItem(int,android.view.View,android.view.ViewGroup) -> a
    81:81:int getItemsCount() -> a
    86:86:java.lang.CharSequence getItemText(int) -> a
com.droidroid.PM2.ClassUtils -> com.droidroid.PM2.ClassUtils:
com.droidroid.PM2.Crypto_htable -> com.droidroid.PM2.Crypto_htable:
    java.lang.String[] htableTable_2 -> a
    java.lang.String[] htableTable_3 -> b
    39:60:void decrypt(android.content.Context,java.lang.Integer,java.lang.String) -> a
    66:94:void writePlaintext(byte[]) -> a
com.droidroid.PM2.Crypto_maxordering -> com.droidroid.PM2.Crypto_maxordering:
    java.lang.String[] tablemaxordering -> a
    38:59:void decrypt(android.content.Context,java.lang.Integer,java.lang.String) -> a
    65:89:void writePlaintext(byte[]) -> a
com.droidroid.PM2.DoRestart -> com.droidroid.PM2.DoRestart:
    int DELAY -> a
    23:42:void doRestart(android.content.Context) -> a
com.droidroid.PM2.EquityBroadcastServiceWrapper -> com.droidroid.PM2.EquityBroadcastServiceWrapper:
    android.os.IBinder mBinder -> a
    android.os.Handler handler -> a
    java.lang.String BROADCAST_ACTION -> a
    android.content.Intent intent -> a
    int[] hero_array -> a
    int strict_equity_analysis -> a
    java.lang.Runnable processEquities -> a
    float[] equityAnalysisCore(int[],int) -> a
    51:51:int onStartCommand(android.content.Intent,int,int) -> onStartCommand
    56:60:void onCreate() -> onCreate
    65:65:void onStart(android.content.Intent,int) -> onStart
    104:104:android.os.IBinder onBind(android.content.Intent) -> onBind
    111:117:void be(int[],int) -> a
    17:17:void access$000(com.droidroid.PM2.EquityBroadcastServiceWrapper,java.lang.String,java.lang.String,java.lang.String) -> a
com.droidroid.PM2.EquityBroadcastServiceWrapper$1 -> com.droidroid.PM2.EquityBroadcastServiceWrapper$1:
    com.droidroid.PM2.EquityBroadcastServiceWrapper this$0 -> a
    126:139:void run() -> run
...
android.support.v4.content.LocalBroadcastManager -> a:
    android.content.Context mAppContext -> a
    java.util.HashMap mReceivers -> a
    java.util.HashMap mActions -> b
    java.util.ArrayList mPendingBroadcasts -> a
    android.os.Handler mHandler -> a
    java.lang.Object mLock -> a
    android.support.v4.content.LocalBroadcastManager mInstance -> a
    100:105:android.support.v4.content.LocalBroadcastManager getInstance(android.content.Context) -> a
    134:151:void registerReceiver(android.content.BroadcastReceiver,android.content.IntentFilter) -> a
    164:187:void unregisterReceiver(android.content.BroadcastReceiver) -> a
    201:268:boolean sendBroadcast(android.content.Intent) -> a
    46:46:void access$000(android.support.v4.content.LocalBroadcastManager) -> a
android.support.v4.content.LocalBroadcastManager$1 -> a$1:
    android.support.v4.content.LocalBroadcastManager this$0 -> a
    114:121:void handleMessage(android.os.Message) -> handleMessage
android.support.v4.content.LocalBroadcastManager$BroadcastRecord -> a$a:
    android.content.Intent intent -> a
    java.util.ArrayList receivers -> a
    27:32:int version() -> a
    74:76:java.lang.String encode(java.lang.String) -> a
    34:37:java.lang.Object checkNotNull(java.lang.Object) -> a
    41:44:void checkArgument(boolean) -> a
    68:69:void write(com.google.gson.JsonElement,com.google.gson.stream.JsonWriter) -> a
    72:72:java.io.Writer writerForAppendable(java.lang.Appendable) -> a
    163:165:org.achartengine.GraphicalView getBarChartView(android.content.Context,org.achartengine.model.XYMultipleSeriesDataset,org.achartengine.renderer.XYMultipleSeriesRenderer,org.achartengine.chart.BarChart$Type) -> a
    java.lang.String toLowerCase(java.lang.String) -> b
    boolean[] cloneArray(boolean[]) -> a
    byte[] cloneArray(byte[]) -> a
    short[] cloneArray(short[]) -> a
    char[] cloneArray(char[]) -> a
    int[] cloneArray(int[]) -> a
    long[] cloneArray(long[]) -> a
    float[] cloneArray(float[]) -> a
    double[] cloneArray(double[]) -> a
    java.lang.Object[] cloneArray(java.lang.Object[]) -> a
    boolean unboxToBoolean(java.lang.Object) -> a
    char unboxToChar(java.lang.Object) -> a
    byte unboxToByte(java.lang.Object) -> a
    short unboxToShort(java.lang.Object) -> a
    int unboxToInt(java.lang.Object) -> a
    long unboxToLong(java.lang.Object) -> a
    float unboxToFloat(java.lang.Object) -> a
    double unboxToDouble(java.lang.Object) -> a
android.support.v4.content.LocalBroadcastManager$ReceiverRecord -> a$b:
    android.content.IntentFilter filter -> a
    android.content.BroadcastReceiver receiver -> a
    boolean broadcasting -> a
    59:65:java.lang.String toString() -> toString
com.google.analytics.tracking.android.AnalyticsClient -> b:
    android.content.ServiceConnection mConnection -> a
    com.google.analytics.tracking.android.AnalyticsGmsCoreClient$OnConnectionFailedListener mOnConnectedListener$2f4e1d -> a
    com.google.analytics.tracking.android.AnalyticsGmsCoreClient$OnConnectionFailedListener mOnConnectionFailedListener -> b
    android.content.Context mContext -> a
    com.google.android.gms.analytics.internal.IAnalyticsService mService -> a
    146:147:com.google.android.gms.analytics.internal.IAnalyticsService getService() -> a
com.google.analytics.tracking.android.AnalyticsGmsCoreClient$AnalyticsServiceConnection -> c:
    com.google.analytics.tracking.android.AnalyticsClient this$0$60860f29 -> a
    172:192:void onServiceConnected(android.content.ComponentName,android.os.IBinder) -> onServiceConnected
    196:199:void onServiceDisconnected(android.content.ComponentName) -> onServiceDisconnected