proguard_logs/usage.txt
com.droidroid.PM2.AbstractWheelAdapter:
    57:62:protected void notifyDataChangedEvent()
    68:73:protected void notifyDataInvalidatedEvent()
com.droidroid.PM2.AbstractWheelTextAdapter:
    public static final int TEXT_VIEW_ITEM_RESOURCE
    protected static final int NO_RESOURCE
    public static final int DEFAULT_TEXT_COLOR
    public static final int LABEL_COLOR
    public static final int DEFAULT_TEXT_SIZE
    68:69:protected AbstractWheelTextAdapter(android.content.Context)
    77:78:protected AbstractWheelTextAdapter(android.content.Context,int)
    99:99:public int getTextColor()
    107:108:public void setTextColor(int)
    115:115:public int getTextSize()
    131:131:public int getItemResource()
    139:140:public void setItemResource(int)
    147:147:public int getItemTextResource()
    163:163:public int getEmptyItemResource()
    171:172:public void setEmptyItemResource(int)
com.droidroid.PM2.ActionItem:
    private android.graphics.Bitmap thumb
    private boolean selected
    50:51:public ActionItem(int,java.lang.String)
    59:60:public ActionItem(android.graphics.drawable.Drawable)
    69:70:public ActionItem(int,android.graphics.drawable.Drawable)
    78:79:public void setTitle(java.lang.String)
    96:97:public void setIcon(android.graphics.drawable.Drawable)
    113:114:public void setActionId(int)
    129:130:public void setSticky(boolean)
    145:146:public void setSelected(boolean)
    154:154:public boolean isSelected()
    163:164:public void setThumb(android.graphics.Bitmap)
    172:172:public android.graphics.Bitmap getThumb()
com.droidroid.PM2.AdapterWheel:
    38:41:public AdapterWheel(android.content.Context,com.droidroid.PM2.WheelAdapter)
    48:48:public com.droidroid.PM2.WheelAdapter getAdapter()
com.droidroid.PM2.ArrayWheelAdapter:
    35:39:public ArrayWheelAdapter(android.content.Context,java.lang.Object[])
com.droidroid.PM2.BuildConfig:
    public static final boolean DEBUG
com.droidroid.PM2.CardAdapter:
    95:113:public static int calculateInSampleSize(android.graphics.BitmapFactory$Options,int,int)
com.droidroid.PM2.EquityBroadcastServiceWrapper:
    private static final java.lang.String TAG
com.droidroid.PM2.NumericWheelAdapter:
    public static final int DEFAULT_MAX_VALUE
    private static final int DEFAULT_MIN_VALUE
    44:45:public NumericWheelAdapter(android.content.Context)
    54:55:public NumericWheelAdapter(android.content.Context,int,int)
    65:70:public NumericWheelAdapter(android.content.Context,int,int,java.lang.String)
...
org.bouncycastle.asn1.BERSequenceGenerator
org.bouncycastle.asn1.BERSequenceParser
org.bouncycastle.asn1.BERSet
org.bouncycastle.asn1.BERSetParser
org.bouncycastle.asn1.BERTaggedObject
org.bouncycastle.asn1.BERTaggedObjectParser
org.bouncycastle.asn1.BERTags
org.bouncycastle.asn1.ConstructedOctetStream
org.bouncycastle.asn1.DERApplicationSpecific
org.bouncycastle.asn1.DERBMPString
org.bouncycastle.asn1.DERBitString
org.bouncycastle.asn1.DERBoolean
org.bouncycastle.asn1.DEREncodableVector
org.bouncycastle.asn1.DEREnumerated
org.bouncycastle.asn1.DERExternal
org.bouncycastle.asn1.DERExternalParser
org.bouncycastle.asn1.DERFactory
org.bouncycastle.asn1.DERGeneralString
org.bouncycastle.asn1.DERGeneralizedTime
org.bouncycastle.asn1.DERGenerator
org.bouncycastle.asn1.DERIA5String
org.bouncycastle.asn1.DERInteger
org.bouncycastle.asn1.DERNull
org.bouncycastle.asn1.DERNumericString
org.bouncycastle.asn1.DERObjectIdentifier
org.bouncycastle.asn1.DEROctetString
org.bouncycastle.asn1.DEROctetStringParser
org.bouncycastle.asn1.DEROutputStream
org.bouncycastle.asn1.DERPrintableString
org.bouncycastle.asn1.DERSequence
org.bouncycastle.asn1.DERSequenceGenerator
org.bouncycastle.asn1.DERSequenceParser
org.bouncycastle.asn1.DERSet
org.bouncycastle.asn1.DERSetParser
org.bouncycastle.asn1.DERT61String
org.bouncycastle.asn1.DERT61UTF8String
org.bouncycastle.asn1.DERTaggedObject
org.bouncycastle.asn1.DERTags
org.bouncycastle.asn1.DERUTCTime
org.bouncycastle.asn1.DERUTF8String
org.bouncycastle.asn1.DERUniversalString
org.bouncycastle.asn1.DERVisibleString
org.bouncycastle.asn1.DLOutputStream
org.bouncycastle.asn1.DLSequence
org.bouncycastle.asn1.DLSet
org.bouncycastle.asn1.DLTaggedObject
org.bouncycastle.asn1.DefiniteLengthInputStream
org.bouncycastle.asn1.InMemoryRepresentable
org.bouncycastle.asn1.IndefiniteLengthInputStream
org.bouncycastle.asn1.LazyConstructionEnumeration
org.bouncycastle.asn1.LazyEncodedSequence
org.bouncycastle.asn1.LimitedInputStream
org.bouncycastle.asn1.OIDTokenizer
org.bouncycastle.asn1.StreamUtil
org.bouncycastle.asn1.bc.BCObjectIdentifiers
org.bouncycastle.asn1.cmp.CAKeyUpdAnnContent
org.bouncycastle.asn1.cmp.CMPCertificate
org.bouncycastle.asn1.cmp.CMPObjectIdentifiers
org.bouncycastle.asn1.cmp.CRLAnnContent
org.bouncycastle.asn1.cmp.CertConfirmContent
org.bouncycastle.asn1.cmp.CertOrEncCert
org.bouncycastle.asn1.cmp.CertRepMessage
org.bouncycastle.asn1.cmp.CertResponse
org.bouncycastle.asn1.cmp.CertStatus
org.bouncycastle.asn1.cmp.CertifiedKeyPair
org.bouncycastle.asn1.cmp.Challenge
org.bouncycastle.asn1.cmp.ErrorMsgContent
org.bouncycastle.asn1.cmp.GenMsgContent
org.bouncycastle.asn1.cmp.GenRepContent
org.bouncycastle.asn1.cmp.InfoTypeAndValue
org.bouncycastle.asn1.cmp.KeyRecRepContent
org.bouncycastle.asn1.cmp.OOBCertHash
org.bouncycastle.asn1.cmp.PBMParameter
org.bouncycastle.asn1.cmp.PKIBody
org.bouncycastle.asn1.cmp.PKIConfirmContent
org.bouncycastle.asn1.cmp.PKIFailureInfo
org.bouncycastle.asn1.cmp.PKIFreeText
org.bouncycastle.asn1.cmp.PKIHeader
org.bouncycastle.asn1.cmp.PKIHeaderBuilder
org.bouncycastle.asn1.cmp.PKIMessage
org.bouncycastle.asn1.cmp.PKIMessages
org.bouncycastle.asn1.cmp.PKIStatus
org.bouncycastle.asn1.cmp.PKIStatusInfo
org.bouncycastle.asn1.cmp.POPODecKeyChallContent
org.bouncycastle.asn1.cmp.POPODecKeyRespContent
org.bouncycastle.asn1.cmp.PollRepContent
org.bouncycastle.asn1.cmp.PollReqContent
org.bouncycastle.asn1.cmp.ProtectedPart
org.bouncycastle.asn1.cmp.RevAnnContent
org.bouncycastle.asn1.cmp.RevDetails
org.bouncycastle.asn1.cmp.RevRepContent
org.bouncycastle.asn1.cmp.RevRepContentBuilder
org.bouncycastle.asn1.cmp.RevReqContent
org.bouncycastle.asn1.cms.Attribute
org.bouncycastle.asn1.cms.AttributeTable
org.bouncycastle.asn1.cms.Attributes
org.bouncycastle.asn1.cms.AuthEnvelopedData
org.bouncycastle.asn1.cms.AuthEnvelopedDataParser
org.bouncycastle.asn1.cms.AuthenticatedData
org.bouncycastle.asn1.cms.AuthenticatedDataParser
org.bouncycastle.asn1.cms.CCMParameters